0 info it worked if it ends with ok
1 verbose cli [ 'C:\\Program Files\\nodejs\\node.exe',
1 verbose cli   'C:\\Program Files\\nodejs\\node_modules\\npm\\bin\\npm-cli.js',
1 verbose cli   'start' ]
2 info using npm@3.10.10
3 info using node@v6.11.1
4 verbose run-script [ 'prestart', 'start', 'poststart' ]
5 info lifecycle script@1.0.0~prestart: script@1.0.0
6 silly lifecycle script@1.0.0~prestart: no script for prestart, continuing
7 info lifecycle script@1.0.0~start: script@1.0.0
8 verbose lifecycle script@1.0.0~start: unsafe-perm in lifecycle true
9 verbose lifecycle script@1.0.0~start: PATH: C:\Program Files\nodejs\node_modules\npm\bin\node-gyp-bin;D:\Desarrollo\radio-script\node_modules\.bin;C:\cmder\bin;C:\cmder\vendor\conemu-maximus5\ConEmu\Scripts;C:\cmder\vendor\conemu-maximus5;C:\cmder\vendor\conemu-maximus5\ConEmu;C:\ProgramData\Oracle\Java\javapath;C:\WINDOWS\system32;C:\WINDOWS;C:\WINDOWS\System32\Wbem;C:\WINDOWS\System32\WindowsPowerShell\v1.0\;C:\Program Files\Microsoft SQL Server\110\Tools\Binn\;C:\Go\workspace;C:\Users\Darío\.dnx\bin;C:\Program Files\Microsoft DNX\Dnvm\;C:\ProgramData\chocolatey\bin;C:\tools\SQLite;C:\tools\go\bin;C:\Program Files\Git\cmd;C:\Program Files\Microsoft SQL Server\130\Tools\Binn\;C:\WINDOWS\system32;C:\WINDOWS;C:\WINDOWS\System32\Wbem;C:\WINDOWS\System32\WindowsPowerShell\v1.0\;C:\Program Files\nodejs\;C:\Ruby21\bin;C:\Users\Darío\AppData\Local\atom\bin;C:\Users\Darío\.babun;D:\Documentos\PlayFramework;C:\Program Files\Git\bin;C:\go\bin;C:\Program Files\Git\cmd;C:\msys64\mingw64\bin;C:\PROGRA~2\Oracle\VirtualBox;;C:\Users\Darío\AppData\Local\Microsoft\WindowsApps;C:\Users\Darío\AppData\Roaming\npm;C:\Program Files (x86)\Microsoft VS Code\bin;C:\Program Files\Git\usr\bin;C:\Program Files\Git\usr\share\vim\vim74;C:\cmder\
10 verbose lifecycle script@1.0.0~start: CWD: D:\Desarrollo\radio-script
11 silly lifecycle script@1.0.0~start: Args: [ '/d /s /c', 'node index.js' ]
12 silly lifecycle script@1.0.0~start: Returned: code: 1  signal: null
13 info lifecycle script@1.0.0~start: Failed to exec start script
14 verbose stack Error: script@1.0.0 start: `node index.js`
14 verbose stack Exit status 1
14 verbose stack     at EventEmitter.<anonymous> (C:\Program Files\nodejs\node_modules\npm\lib\utils\lifecycle.js:255:16)
14 verbose stack     at emitTwo (events.js:106:13)
14 verbose stack     at EventEmitter.emit (events.js:191:7)
14 verbose stack     at ChildProcess.<anonymous> (C:\Program Files\nodejs\node_modules\npm\lib\utils\spawn.js:40:14)
14 verbose stack     at emitTwo (events.js:106:13)
14 verbose stack     at ChildProcess.emit (events.js:191:7)
14 verbose stack     at maybeClose (internal/child_process.js:891:16)
14 verbose stack     at Process.ChildProcess._handle.onexit (internal/child_process.js:226:5)
15 verbose pkgid script@1.0.0
16 verbose cwd D:\Desarrollo\radio-script
17 error Windows_NT 10.0.15063
18 error argv "C:\\Program Files\\nodejs\\node.exe" "C:\\Program Files\\nodejs\\node_modules\\npm\\bin\\npm-cli.js" "start"
19 error node v6.11.1
20 error npm  v3.10.10
21 error code ELIFECYCLE
22 error script@1.0.0 start: `node index.js`
22 error Exit status 1
23 error Failed at the script@1.0.0 start script 'node index.js'.
23 error Make sure you have the latest version of node.js and npm installed.
23 error If you do, this is most likely a problem with the script package,
23 error not with npm itself.
23 error Tell the author that this fails on your system:
23 error     node index.js
23 error You can get information on how to open an issue for this project with:
23 error     npm bugs script
23 error Or if that isn't available, you can get their info via:
23 error     npm owner ls script
23 error There is likely additional logging output above.
24 verbose exit [ 1, true ]
